<?xml version="1.0" encoding="utf-8"?>
<shfbBuild product="Sandcastle Help File Builder and Tools" version="2024.2.18.0" projectFile="C:\Users\patry\Documents\Programming\UWr\Sem4\dotNET\List1\sandcastle.shfbproj" started="04.03.2024 20:38:52">
<buildStep step="Initializing">
The Sandcastle tools are located in &#39;C:\Program Files (x86)\EWSoftware\Sandcastle Help File Builder&#39;
Locating components in the following folder(s):
    C:\Users\patry\Documents\Programming\UWr\Sem4\dotNET\List1
    C:\ProgramData\EWSoftware\Sandcastle Help File Builder\Components and Plug-Ins
    C:\Program Files (x86)\EWSoftware\Sandcastle Help File Builder\Components
Using framework reflection data for &#39;.NET Framework 4.7.2&#39; located in &#39;C:\Program Files (x86)\EWSoftware\Sandcastle Help File Builder\Data\.NETFramework&#39;
Using presentation style &#39;Default2022&#39; located in &#39;C:\Program Files (x86)\EWSoftware\Sandcastle Help File Builder\Components\Default2022&#39;
Loading and initializing plug-ins...
Website Table of Contents Generator Version 2024.2.18.0
Copyright &#169; 2006-2024, Eric Woodruff, All Rights Reserved
</buildStep>
<buildStep step="ClearWorkFolder">
Clearing working folder...
-------------------------------
Clearing any prior web/markdown output...
</buildStep>
<buildStep step="ValidatingDocumentationSources">
Validating and copying documentation source information
Source: C:\Users\patry\Documents\Programming\UWr\Sem4\dotNET\List1\Zad4\Zad4.csproj
    Found project &#39;C:\Users\patry\Documents\Programming\UWr\Sem4\dotNET\List1\Zad4\Zad4.csproj&#39;
    Last step completed in 00:00:00,0027
</buildStep>
<buildStep step="Failed">

SHFB: Error BE0065: BUILD FAILED: The SDK &#39;Microsoft.NET.Sdk&#39; specified could not be found.  C:\Users\patry\Documents\Programming\UWr\Sem4\dotNET\List1\Zad4\Zad4.csproj
   at Microsoft.Build.Shared.ProjectErrorUtilities.ThrowInvalidProject(String errorSubCategoryResourceName, IElementLocation elementLocation, String resourceName, Object[] args)
   at Microsoft.Build.Evaluation.Evaluator`4.ExpandAndLoadImportsFromUnescapedImportExpressionConditioned(String directoryOfImportingFile, ProjectImportElement importElement, List`1&amp; projects, SdkResult&amp; sdkResult, Boolean throwOnFileNotExistsError)
   at Microsoft.Build.Evaluation.Evaluator`4.ExpandAndLoadImports(String directoryOfImportingFile, ProjectImportElement importElement, SdkResult&amp; sdkResult)
   at Microsoft.Build.Evaluation.Evaluator`4.EvaluateImportElement(String directoryOfImportingFile, ProjectImportElement importElement)
   at Microsoft.Build.Evaluation.Evaluator`4.PerformDepthFirstPass(ProjectRootElement currentProjectOrImport)
   at Microsoft.Build.Evaluation.Evaluator`4.Evaluate()
   at Microsoft.Build.Evaluation.Evaluator`4.Evaluate(IEvaluatorData`4 data, ProjectRootElement root, ProjectLoadSettings loadSettings, Int32 maxNodeCount, PropertyDictionary`1 environmentProperties, ILoggingService loggingService, IItemFactory`2 itemFactory, IToolsetProvider toolsetProvider, ProjectRootElementCacheBase projectRootElementCache, BuildEventContext buildEventContext, ISdkResolverService sdkResolverService, Int32 submissionId, EvaluationContext evaluationContext, Boolean interactive)
   at Microsoft.Build.Evaluation.Project.ProjectImpl.Reevaluate(ILoggingService loggingServiceForEvaluation, ProjectLoadSettings loadSettings, EvaluationContext evaluationContext)
   at Microsoft.Build.Evaluation.Project.ProjectImpl.ReevaluateIfNecessary(ILoggingService loggingServiceForEvaluation, ProjectLoadSettings loadSettings, EvaluationContext evaluationContext)
   at Microsoft.Build.Evaluation.Project.ProjectImpl.ReevaluateIfNecessary(EvaluationContext evaluationContext)
   at Microsoft.Build.Evaluation.Project.ProjectImpl.Initialize(IDictionary`2 globalProperties, String toolsVersion, String subToolsetVersion, ProjectLoadSettings loadSettings, EvaluationContext evaluationContext)
   at Microsoft.Build.Evaluation.Project..ctor(String projectFile, IDictionary`2 globalProperties, String toolsVersion, String subToolsetVersion, ProjectCollection projectCollection, ProjectLoadSettings loadSettings, EvaluationContext evaluationContext)
   at SandcastleBuilder.Utils.MSBuild.MSBuildProject..ctor(String projectFile)
   at SandcastleBuilder.Utils.BuildEngine.BuildProcess.ValidateDocumentationSources()
   at SandcastleBuilder.Utils.BuildEngine.BuildProcess.Build()

</buildStep>
</shfbBuild>
